<?xml version="1.0" encoding="UTF-8"?>
<!-- Generated by org.testng.reporters.JUnitReportReporter -->
<testsuite hostname="Naga-PC" name="sample.Enabled_Program" tests="1" failures="0" timestamp="26 Feb 2016 02:10:24 GMT" time="12.930" errors="0">
  <testcase name="tesEnabled_Program" time="12.930" classname="sample.Enabled_Program"/>
</testsuite> <!-- sample.Enabled_Program -->
