<?xml version="1.0" encoding="UTF-8"?>
<!-- Generated by org.testng.reporters.JUnitReportReporter -->
<testsuite hostname="Naga-PC" name="sample.FirstMaven" tests="1" failures="0" timestamp="26 Feb 2016 02:10:24 GMT" time="8.847" errors="0">
  <testcase name="testFirstMaven" time="8.847" classname="sample.FirstMaven"/>
</testsuite> <!-- sample.FirstMaven -->
